This is pdfTeX, Version 3.14159265-2.6-1.40.20 (TeX Live 2019/Debian) (preloaded format=pdflatex 2021.3.3)  16 MAR 2021 21:09
entering extended mode
 restricted \write18 enabled.
 %&-line parsing enabled.
**main.tex
(./main.tex
LaTeX2e <2020-02-02> patch level 2
L3 programming layer <2020-02-14>
(/usr/share/texlive/texmf-dist/tex/latex/revtex4/revtex4.cls
Document Class: revtex4 2001/08/02 v4.0 (http://publish.aps.org/revtex4/ for do
cumentation)
 Copyright (c) 2001 The American Physical Society.
 mailto:revtex@aps.org
 Licensed under the LPPL:
http://www.ctan.org/tex-archive/macros/latex/base/lppl.txt
 Arthur Ogawa <ogawa@teleport.com>
 Based on work by David Carlisle <david@dcarlisle.demon.co.uk>.
ltxutil: portions licensed from W. E. Baxter (web@superscript.com)
Class revtex4 Info: Repairing broken LateX \@sect on input line 596.
\intertabularlinepenalty=\count167
\@tbpen=\count168
\@arstrutbox@hline=\box45
Class revtex4 Info: Repairing broken LaTeX \@xbitor on input line 1610.
ltxgrid: portions licensed from W. E. Baxter (web@superscript.com)
\c@linecount=\count169
\output=\toks14
\@protection@box=\box46
\@topmark@saved=\toks15
\footins@saved=\box47
\pagesofar=\box48
\footbox=\box49
\pagegrid@col=\count170
Class revtex4 Info: Incorporating package {textcase}  [1998/11/12 v0.06 Text on
ly upper/lower case changing (DPC)]. on input line 3682.
(/usr/share/texlive/texmf-dist/tex/latex/url/url.sty
\Urlmuskip=\muskip16
Package: url 2013/09/16  ver 3.4  Verb mode for urls, etc.
)
\c@affil=\count171
\absbox=\box50
\c@part=\count172
\c@section=\count173
\c@subsection=\count174
\c@subsubsection=\count175
\c@paragraph=\count176
\c@subparagraph=\count177
\abovecaptionskip=\skip47
\belowcaptionskip=\skip48
\c@figure=\count178
\c@table=\count179

(/usr/share/texlive/texmf-dist/tex/latex/natbib/natbib.sty
Package: natbib 2010/09/13 8.31b (PWD, AO)
\bibhang=\skip49
\bibsep=\skip50
LaTeX Info: Redefining \cite on input line 694.
\c@NAT@ctr=\count180
)
\widetext@top=\box51
\widetext@bot=\box52

(/usr/share/texlive/texmf-dist/tex/latex/revtex4/revsymb.sty
Package: revsymb 2001/08/02 v4.0 (http://publish.aps.org/revtex4/ for documenta
tion)
LaTeX Info: Redefining \REV@mathfrak on input line 118.
))
(/usr/share/texlive/texmf-dist/tex/latex/revtex4/aps.rtx
File: aps.rtx 2001/08/02 v4.0 (http://publish.aps.org/revtex4/ for documentatio
n)
)
(/usr/share/texlive/texmf-dist/tex/latex/revtex4/10pt.rtx
File: 10pt.rtx 2001/08/02 v4.0 (http://publish.aps.org/revtex4/ for documentati
on)
)
(/usr/share/texlive/texmf-dist/tex/latex/amsfonts/amssymb.sty
Package: amssymb 2013/01/14 v3.01 AMS font symbols

(/usr/share/texlive/texmf-dist/tex/latex/amsfonts/amsfonts.sty
Package: amsfonts 2013/01/14 v3.01 Basic AMSFonts support
\@emptytoks=\toks16
\symAMSa=\mathgroup4
\symAMSb=\mathgroup5
LaTeX Font Info:    Redeclaring math symbol \hbar on input line 98.
LaTeX Font Info:    Overwriting math alphabet `\mathfrak' in version `bold'
(Font)                  U/euf/m/n --> U/euf/b/n on input line 106.
LaTeX Info: Redefining \frak on input line 111.
LaTeX Info: Redefining \Bbb on input line 113.
))
(/usr/share/texlive/texmf-dist/tex/latex/amsmath/amsmath.sty
Package: amsmath 2020/01/20 v2.17e AMS math features
\@mathmargin=\skip51

For additional information on amsmath, use the `?' option.
(/usr/share/texlive/texmf-dist/tex/latex/amsmath/amstext.sty
Package: amstext 2000/06/29 v2.01 AMS text

(/usr/share/texlive/texmf-dist/tex/latex/amsmath/amsgen.sty
File: amsgen.sty 1999/11/30 v2.0 generic functions
\@emptytoks=\toks17
\ex@=\dimen134
))
(/usr/share/texlive/texmf-dist/tex/latex/amsmath/amsbsy.sty
Package: amsbsy 1999/11/29 v1.2d Bold Symbols
\pmbraise@=\dimen135
)
(/usr/share/texlive/texmf-dist/tex/latex/amsmath/amsopn.sty
Package: amsopn 2016/03/08 v2.02 operator names
)
\inf@bad=\count181
LaTeX Info: Redefining \frac on input line 227.
\uproot@=\count182
\leftroot@=\count183
LaTeX Info: Redefining \overline on input line 389.
\classnum@=\count184
\DOTSCASE@=\count185
LaTeX Info: Redefining \ldots on input line 486.
LaTeX Info: Redefining \dots on input line 489.
LaTeX Info: Redefining \cdots on input line 610.
\Mathstrutbox@=\box53
\strutbox@=\box54
\big@size=\dimen136
LaTeX Font Info:    Redeclaring font encoding OML on input line 733.
LaTeX Font Info:    Redeclaring font encoding OMS on input line 734.
\macc@depth=\count186
\c@MaxMatrixCols=\count187
\dotsspace@=\muskip17
\c@parentequation=\count188
\dspbrk@lvl=\count189
\tag@help=\toks18
\row@=\count190
\column@=\count191
\maxfields@=\count192
\andhelp@=\toks19
\eqnshift@=\dimen137
\alignsep@=\dimen138
\tagshift@=\dimen139
\tagwidth@=\dimen140
\totwidth@=\dimen141
\lineht@=\dimen142
\@envbody=\toks20
\multlinegap=\skip52
\multlinetaggap=\skip53
\mathdisplay@stack=\toks21
LaTeX Info: Redefining \[ on input line 2859.
LaTeX Info: Redefining \] on input line 2860.
)
(/usr/share/texlive/texmf-dist/tex/latex/graphics/graphicx.sty
Package: graphicx 2019/11/30 v1.2a Enhanced LaTeX Graphics (DPC,SPQR)

(/usr/share/texlive/texmf-dist/tex/latex/graphics/keyval.sty
Package: keyval 2014/10/28 v1.15 key=value parser (DPC)
\KV@toks@=\toks22
)
(/usr/share/texlive/texmf-dist/tex/latex/graphics/graphics.sty
Package: graphics 2019/11/30 v1.4a Standard LaTeX Graphics (DPC,SPQR)

(/usr/share/texlive/texmf-dist/tex/latex/graphics/trig.sty
Package: trig 2016/01/03 v1.10 sin cos tan (DPC)
)
(/usr/share/texlive/texmf-dist/tex/latex/graphics-cfg/graphics.cfg
File: graphics.cfg 2016/06/04 v1.11 sample graphics configuration
)
Package graphics Info: Driver file: pdftex.def on input line 105.

(/usr/share/texlive/texmf-dist/tex/latex/graphics-def/pdftex.def
File: pdftex.def 2018/01/08 v1.0l Graphics/color driver for pdftex
))
\Gin@req@height=\dimen143
\Gin@req@width=\dimen144
)
(/usr/share/texlive/texmf-dist/tex/latex/tools/dcolumn.sty
Package: dcolumn 2014/10/28 v1.06 decimal alignment package (DPC)

(/usr/share/texlive/texmf-dist/tex/latex/tools/array.sty
Package: array 2019/08/31 v2.4l Tabular extension package (FMi)
\col@sep=\dimen145
\ar@mcellbox=\box55
\extrarowheight=\dimen146
\NC@list=\toks23
\extratabsurround=\skip54
\backup@length=\skip55
\ar@cellbox=\box56
))
(/usr/share/texlive/texmf-dist/tex/latex/hyperref/hyperref.sty
Package: hyperref 2020/01/14 v7.00d Hypertext links for LaTeX

(/usr/share/texlive/texmf-dist/tex/generic/ltxcmds/ltxcmds.sty
Package: ltxcmds 2019/12/15 v1.24 LaTeX kernel commands for general use (HO)
)
(/usr/share/texlive/texmf-dist/tex/generic/iftex/iftex.sty
Package: iftex 2019/11/07 v1.0c TeX engine tests
)
(/usr/share/texlive/texmf-dist/tex/latex/pdftexcmds/pdftexcmds.sty
Package: pdftexcmds 2019/11/24 v0.31 Utility functions of pdfTeX for LuaTeX (HO
)

(/usr/share/texlive/texmf-dist/tex/generic/infwarerr/infwarerr.sty
Package: infwarerr 2019/12/03 v1.5 Providing info/warning/error messages (HO)
)
Package pdftexcmds Info: \pdf@primitive is available.
Package pdftexcmds Info: \pdf@ifprimitive is available.
Package pdftexcmds Info: \pdfdraftmode found.
)
(/usr/share/texlive/texmf-dist/tex/generic/kvsetkeys/kvsetkeys.sty
Package: kvsetkeys 2019/12/15 v1.18 Key value parser (HO)
)
(/usr/share/texlive/texmf-dist/tex/generic/kvdefinekeys/kvdefinekeys.sty
Package: kvdefinekeys 2019-12-19 v1.6 Define keys (HO)
)
(/usr/share/texlive/texmf-dist/tex/generic/pdfescape/pdfescape.sty
Package: pdfescape 2019/12/09 v1.15 Implements pdfTeX's escape features (HO)
)
(/usr/share/texlive/texmf-dist/tex/latex/hycolor/hycolor.sty
Package: hycolor 2020-01-27 v1.10 Color options for hyperref/bookmark (HO)
)
(/usr/share/texlive/texmf-dist/tex/latex/letltxmacro/letltxmacro.sty
Package: letltxmacro 2019/12/03 v1.6 Let assignment for LaTeX macros (HO)
)
(/usr/share/texlive/texmf-dist/tex/latex/auxhook/auxhook.sty
Package: auxhook 2019-12-17 v1.6 Hooks for auxiliary files (HO)
)
(/usr/share/texlive/texmf-dist/tex/latex/kvoptions/kvoptions.sty
Package: kvoptions 2019/11/29 v3.13 Key value format for package options (HO)
)
\@linkdim=\dimen147
\Hy@linkcounter=\count193
\Hy@pagecounter=\count194

(/usr/share/texlive/texmf-dist/tex/latex/hyperref/pd1enc.def
File: pd1enc.def 2020/01/14 v7.00d Hyperref: PDFDocEncoding definition (HO)
Now handling font encoding PD1 ...
... no UTF-8 mapping file for font encoding PD1
)
(/usr/share/texlive/texmf-dist/tex/generic/intcalc/intcalc.sty
Package: intcalc 2019/12/15 v1.3 Expandable calculations with integers (HO)
)
(/usr/share/texlive/texmf-dist/tex/generic/etexcmds/etexcmds.sty
Package: etexcmds 2019/12/15 v1.7 Avoid name clashes with e-TeX commands (HO)
)
\Hy@SavedSpaceFactor=\count195
\pdfmajorversion=\count196
Package hyperref Info: Hyper figures OFF on input line 4547.
Package hyperref Info: Link nesting OFF on input line 4552.
Package hyperref Info: Hyper index ON on input line 4555.
Package hyperref Info: Plain pages OFF on input line 4562.
Package hyperref Info: Backreferencing OFF on input line 4567.
Package hyperref Info: Implicit mode ON; LaTeX internals redefined.
Package hyperref Info: Bookmarks ON on input line 4800.
\c@Hy@tempcnt=\count197
LaTeX Info: Redefining \url on input line 5159.
\XeTeXLinkMargin=\dimen148

(/usr/share/texlive/texmf-dist/tex/generic/bitset/bitset.sty
Package: bitset 2019/12/09 v1.3 Handle bit-vector datatype (HO)

(/usr/share/texlive/texmf-dist/tex/generic/bigintcalc/bigintcalc.sty
Package: bigintcalc 2019/12/15 v1.5 Expandable calculations on big integers (HO
)
))
\Fld@menulength=\count198
\Field@Width=\dimen149
\Fld@charsize=\dimen150
Package hyperref Info: Hyper figures OFF on input line 6430.
Package hyperref Info: Link nesting OFF on input line 6435.
Package hyperref Info: Hyper index ON on input line 6438.
Package hyperref Info: backreferencing OFF on input line 6445.
Package hyperref Info: Link coloring OFF on input line 6450.
Package hyperref Info: Link coloring with OCG OFF on input line 6455.
Package hyperref Info: PDF/A mode OFF on input line 6460.
LaTeX Info: Redefining \ref on input line 6500.
LaTeX Info: Redefining \pageref on input line 6504.

(/usr/share/texlive/texmf-dist/tex/generic/atbegshi/atbegshi.sty
Package: atbegshi 2019/12/05 v1.19 At begin shipout hook (HO)
)
\Hy@abspage=\count199
\c@Item=\count266
\c@Hfootnote=\count267
)
Package hyperref Info: Driver (autodetected): hpdftex.

(/usr/share/texlive/texmf-dist/tex/latex/hyperref/hpdftex.def
File: hpdftex.def 2020/01/14 v7.00d Hyperref driver for pdfTeX

(/usr/share/texlive/texmf-dist/tex/latex/atveryend/atveryend.sty
Package: atveryend 2019-12-11 v1.11 Hooks at the very end of document (HO)
)
\Fld@listcount=\count268
\c@bookmark@seq@number=\count269

(/usr/share/texlive/texmf-dist/tex/latex/rerunfilecheck/rerunfilecheck.sty
Package: rerunfilecheck 2019/12/05 v1.9 Rerun checks for auxiliary files (HO)

(/usr/share/texlive/texmf-dist/tex/generic/uniquecounter/uniquecounter.sty
Package: uniquecounter 2019/12/15 v1.4 Provide unlimited unique counter (HO)
)
Package uniquecounter Info: New unique counter `rerunfilecheck' on input line 2
86.
)
\Hy@SectionHShift=\skip56
)
(/usr/share/texlive/texmf-dist/tex/latex/graphics/color.sty
Package: color 2019/11/23 v1.2a Standard LaTeX Color (DPC)

(/usr/share/texlive/texmf-dist/tex/latex/graphics-cfg/color.cfg
File: color.cfg 2016/01/02 v1.6 sample color configuration
)
Package color Info: Driver file: pdftex.def on input line 147.
)
(/usr/share/texlive/texmf-dist/tex/latex/units/units.sty
Package: units 1998/08/04 v0.9b Typesetting units

(/usr/share/texlive/texmf-dist/tex/latex/base/ifthen.sty
Package: ifthen 2014/09/29 v1.1c Standard LaTeX ifthen package (DPC)
)
(/usr/share/texlive/texmf-dist/tex/latex/units/nicefrac.sty
Package: nicefrac 1998/08/04 v0.9b Nice fractions
\L@UnitsRaiseDisplaystyle=\skip57
\L@UnitsRaiseTextstyle=\skip58
\L@UnitsRaiseScriptstyle=\skip59
))
(/usr/share/texlive/texmf-dist/tex/latex/lineno/lineno.sty
Package: lineno 2005/11/02 line numbers on paragraphs v4.41
\linenopenalty=\count270
\output=\toks24
\linenoprevgraf=\count271
\linenumbersep=\dimen151
\linenumberwidth=\dimen152
\c@linenumber=\count272
\c@pagewiselinenumber=\count273
\c@LN@truepage=\count274
\c@internallinenumber=\count275
\c@internallinenumbers=\count276
\quotelinenumbersep=\dimen153
\bframerule=\dimen154
\bframesep=\dimen155
\bframebox=\box57
LaTeX Info: Redefining \\ on input line 3056.
)
(/usr/share/texlive/texmf-dist/tex/latex/tools/xspace.sty
Package: xspace 2014/10/28 v1.13 Space after command names (DPC,MH)
)
(/usr/share/texlive/texmf-dist/tex/latex/mathtools/mathtools.sty
Package: mathtools 2020/01/17 v1.23 mathematical typesetting tools

(/usr/share/texlive/texmf-dist/tex/latex/tools/calc.sty
Package: calc 2017/05/25 v4.3 Infix arithmetic (KKT,FJ)
\calc@Acount=\count277
\calc@Bcount=\count278
\calc@Adimen=\dimen156
\calc@Bdimen=\dimen157
\calc@Askip=\skip60
\calc@Bskip=\skip61
LaTeX Info: Redefining \setlength on input line 80.
LaTeX Info: Redefining \addtolength on input line 81.
\calc@Ccount=\count279
\calc@Cskip=\skip62
)
(/usr/share/texlive/texmf-dist/tex/latex/mathtools/mhsetup.sty
Package: mhsetup 2017/03/31 v1.3 programming setup (MH)
)
LaTeX Info: Thecontrolsequence`\('isalreadyrobust on input line 129.
LaTeX Info: Thecontrolsequence`\)'isalreadyrobust on input line 129.
LaTeX Info: Thecontrolsequence`\['isalreadyrobust on input line 129.
LaTeX Info: Thecontrolsequence`\]'isalreadyrobust on input line 129.
\g_MT_multlinerow_int=\count280
\l_MT_multwidth_dim=\dimen158
\origjot=\skip63
\l_MT_shortvdotswithinadjustabove_dim=\dimen159
\l_MT_shortvdotswithinadjustbelow_dim=\dimen160
\l_MT_above_intertext_sep=\dimen161
\l_MT_below_intertext_sep=\dimen162
\l_MT_above_shortintertext_sep=\dimen163
\l_MT_below_shortintertext_sep=\dimen164
)
(/usr/share/texlive/texmf-dist/tex/latex/l3backend/l3backend-pdfmode.def
File: l3backend-pdfmode.def 2020-02-03 L3 backend support: PDF mode
\l__kernel_color_stack_int=\count281
\l__pdf_internal_box=\box58
)

LaTeX Warning: Unused global option(s):
    [longbibliography].

(./main.aux)
\openout1 = `main.aux'.

LaTeX Font Info:    Checking defaults for OML/cmm/m/it on input line 35.
LaTeX Font Info:    ... okay on input line 35.
LaTeX Font Info:    Checking defaults for OMS/cmsy/m/n on input line 35.
LaTeX Font Info:    ... okay on input line 35.
LaTeX Font Info:    Checking defaults for OT1/cmr/m/n on input line 35.
LaTeX Font Info:    ... okay on input line 35.
LaTeX Font Info:    Checking defaults for T1/cmr/m/n on input line 35.
LaTeX Font Info:    ... okay on input line 35.
LaTeX Font Info:    Checking defaults for TS1/cmr/m/n on input line 35.
LaTeX Font Info:    ... okay on input line 35.
LaTeX Font Info:    Checking defaults for OMX/cmex/m/n on input line 35.
LaTeX Font Info:    ... okay on input line 35.
LaTeX Font Info:    Checking defaults for U/cmr/m/n on input line 35.
LaTeX Font Info:    ... okay on input line 35.
LaTeX Font Info:    Checking defaults for PD1/pdf/m/n on input line 35.
LaTeX Font Info:    ... okay on input line 35.
Class revtex4 Info: Unrecognized array package. Please update this document cla
ss! (Proceeding with fingers crossed.) on input line 35.
Class revtex4 Info: cite was not loaded (OK!) on input line 35.
Class revtex4 Info: multicol was not loaded (OK!) on input line 35.
 (/usr/share/texlive/texmf-dist/tex/context/base/mkii/supp-pdf.mkii
[Loading MPS to PDF converter (version 2006.09.02).]
\scratchcounter=\count282
\scratchdimen=\dimen165
\scratchbox=\box59
\nofMPsegments=\count283
\nofMParguments=\count284
\everyMPshowfont=\toks25
\MPscratchCnt=\count285
\MPscratchDim=\dimen166
\MPnumerator=\count286
\makeMPintoPDFobject=\count287
\everyMPtoPDFconversion=\toks26
) (/usr/share/texlive/texmf-dist/tex/latex/epstopdf-pkg/epstopdf-base.sty
Package: epstopdf-base 2020-01-24 v2.11 Base part for package epstopdf
Package epstopdf-base Info: Redefining graphics rule for `.eps' on input line 4
85.

(/usr/share/texlive/texmf-dist/tex/latex/latexconfig/epstopdf-sys.cfg
File: epstopdf-sys.cfg 2010/07/13 v1.3 Configuration of (r)epstopdf for TeX Liv
e
))
\AtBeginShipoutBox=\box60


Package hyperref Warning: Height of page (\paperheight) is invalid (0.0pt),
(hyperref)                using 11in.

Package hyperref Info: Link coloring OFF on input line 35.
(/usr/share/texlive/texmf-dist/tex/latex/hyperref/nameref.sty
Package: nameref 2019/09/16 v2.46 Cross-referencing by name of section

(/usr/share/texlive/texmf-dist/tex/latex/refcount/refcount.sty
Package: refcount 2019/12/15 v3.6 Data extraction from label references (HO)
)
(/usr/share/texlive/texmf-dist/tex/generic/gettitlestring/gettitlestring.sty
Package: gettitlestring 2019/12/15 v1.6 Cleanup title references (HO)
)
\c@section@level=\count288
)
LaTeX Info: Redefining \ref on input line 35.
LaTeX Info: Redefining \pageref on input line 35.
LaTeX Info: Redefining \nameref on input line 35.

(./main.out) (./main.out)
\@outlinefile=\write3
\openout3 = `main.out'.

LaTeX Font Info:    Trying to load font information for U+msa on input line 70.


(/usr/share/texlive/texmf-dist/tex/latex/amsfonts/umsa.fd
File: umsa.fd 2013/01/14 v3.01 AMS symbols A
)
LaTeX Font Info:    Trying to load font information for U+msb on input line 70.


(/usr/share/texlive/texmf-dist/tex/latex/amsfonts/umsb.fd
File: umsb.fd 2013/01/14 v3.01 AMS symbols B
)
\@endnoteout=\write4
\openout4 = `main.end'.

 [1{/var/lib/texmf/fonts/map/pdftex/updmap/pdftex.map}]

LaTeX Warning: Command \O invalid in math mode on input line 111.


LaTeX Warning: Command \O invalid in math mode on input line 134.


LaTeX Warning: Command \O invalid in math mode on input line 134.


LaTeX Warning: Command \O invalid in math mode on input line 134.


LaTeX Warning: Command \O invalid in math mode on input line 134.


LaTeX Warning: Command \O invalid in math mode on input line 134.


LaTeX Warning: Command \O invalid in math mode on input line 134.


LaTeX Warning: Command \O invalid in math mode on input line 139.


LaTeX Warning: Command \O invalid in math mode on input line 139.


LaTeX Warning: Command \O invalid in math mode on input line 147.


LaTeX Warning: Command \O invalid in math mode on input line 147.


LaTeX Warning: Command \O invalid in math mode on input line 147.


LaTeX Warning: Command \O invalid in math mode on input line 147.


LaTeX Warning: Command \O invalid in math mode on input line 147.


LaTeX Warning: Command \O invalid in math mode on input line 147.


LaTeX Warning: Command \O invalid in math mode on input line 147.


LaTeX Warning: Command \O invalid in math mode on input line 147.


LaTeX Warning: Command \O invalid in math mode on input line 153.


LaTeX Warning: Command \O invalid in math mode on input line 153.


LaTeX Warning: Command \O invalid in math mode on input line 153.


LaTeX Warning: Command \O invalid in math mode on input line 153.


LaTeX Warning: Command \O invalid in math mode on input line 153.


LaTeX Warning: Command \O invalid in math mode on input line 153.


LaTeX Warning: Command \O invalid in math mode on input line 154.


LaTeX Warning: Command \O invalid in math mode on input line 163.


LaTeX Warning: Command \O invalid in math mode on input line 163.


LaTeX Warning: Command \O invalid in math mode on input line 163.


LaTeX Warning: Command \O invalid in math mode on input line 163.


LaTeX Warning: Command \O invalid in math mode on input line 163.


LaTeX Warning: Command \O invalid in math mode on input line 163.


LaTeX Warning: Command \O invalid in math mode on input line 163.


LaTeX Warning: Command \O invalid in math mode on input line 163.


LaTeX Warning: Command \O invalid in math mode on input line 163.


LaTeX Warning: Command \O invalid in math mode on input line 163.


LaTeX Warning: Command \O invalid in math mode on input line 163.


LaTeX Warning: Command \O invalid in math mode on input line 163.


Overfull \hbox (2.62039pt too wide) detected at line 163
[]
 []


LaTeX Warning: Command \O invalid in math mode on input line 164.

[2]
<qlow_full_marg_intrinsic.pdf, id=169, 549.25201pt x 549.25201pt>
File: qlow_full_marg_intrinsic.pdf Graphic file (type pdf)
<use qlow_full_marg_intrinsic.pdf>
Package pdftex.def Info: qlow_full_marg_intrinsic.pdf  used on input line 208.
(pdftex.def)             Requested size: 285.59875pt x 285.59593pt.
<qlow_full_marg_extrinsic.pdf, id=170, 397.485pt x 397.485pt>
File: qlow_full_marg_extrinsic.pdf Graphic file (type pdf)
<use qlow_full_marg_extrinsic.pdf>
Package pdftex.def Info: qlow_full_marg_extrinsic.pdf  used on input line 209.
(pdftex.def)             Requested size: 206.54938pt x 206.55388pt.
 [3]
<GW170729_marg_intrinsic.pdf, id=199, 549.25201pt x 549.25201pt>
File: GW170729_marg_intrinsic.pdf Graphic file (type pdf)
<use GW170729_marg_intrinsic.pdf>
Package pdftex.def Info: GW170729_marg_intrinsic.pdf  used on input line 276.
(pdftex.def)             Requested size: 285.59875pt x 285.59593pt.
<GW170729_marg_extrinsic.pdf, id=200, 397.485pt x 397.485pt>
File: GW170729_marg_extrinsic.pdf Graphic file (type pdf)
<use GW170729_marg_extrinsic.pdf>
Package pdftex.def Info: GW170729_marg_extrinsic.pdf  used on input line 277.
(pdftex.def)             Requested size: 206.54938pt x 206.55388pt.

Underfull \hbox (badness 2426) in paragraph at lines 304--305
[]\OT1/cmr/m/n/10 We fore-see a num-ber of use-ful ap-pli-ca-tions for
 []


Underfull \hbox (badness 4060) in paragraph at lines 304--305
\OT1/cmr/m/n/10 like-li-hood reweight-ing in-clud-ing: in-fer-ences about
 []

[4 <./qlow_full_marg_intrinsic.pdf> <./qlow_full_marg_extrinsic.pdf

pdfTeX warning: /usr/bin/pdflatex (file ./qlow_full_marg_extrinsic.pdf): PDF in
clusion: multiple pdfs with page group included in a single page
>] (./main.bbl
Underfull \hbox (badness 10000) in paragraph at lines 56--59
 []\OT1/cmr/m/n/9 B. P. Ab-bott et al. (2018),
 []

[5 <./GW170729_marg_intrinsic.pdf> <./GW170729_marg_extrinsic.pdf

pdfTeX warning: /usr/bin/pdflatex (file ./GW170729_marg_extrinsic.pdf): PDF inc
lusion: multiple pdfs with page group included in a single page
>]
Underfull \hbox (badness 10000) in paragraph at lines 179--184
 []$\OT1/cmtt/m/n/9 http : / / aip . scitation . org / doi / abs / 10 . 1063 / 
1 .
 []


Underfull \hbox (badness 10000) in paragraph at lines 179--184
 \OT1/cmtt/m/n/9 1835238https : / / projecteuclid . org / euclid . ba /
 []


Underfull \hbox (badness 1776) in paragraph at lines 197--200
 []\OT1/cmr/m/n/9 W. K. Hast-ings, Biometrika \OT1/cmr/bx/n/9 57\OT1/cmr/m/n/9 
, 97 (1970), ISSN
 []


Underfull \hbox (badness 1616) in paragraph at lines 360--366
 []\OT1/cmr/m/n/9 E. Payne, E. Thrane, and C. Tal-bot, \OT1/cmr/m/it/9 Higher o
r-
 []


Underfull \hbox (badness 8151) in paragraph at lines 405--410
 []\OT1/cmr/m/n/9 E. Payne, C. Tal-bot, and E. Thrane (2019),
 []


Underfull \hbox (badness 7030) in paragraph at lines 426--428
 []\OT1/cmr/m/n/9 C. P. R. V^^S^^Pctor Elvira, Luca Mar-tino (2018),
 []


Underfull \hbox (badness 1418) in paragraph at lines 443--450
 []\OT1/cmr/m/n/9 J. Calder^^Son Bustillo, S. Husa, A. M. Sintes, and
 []


Underfull \hbox (badness 10000) in paragraph at lines 458--461
 []\OT1/cmr/m/n/9 R. J. E. Smith and G. Ash-ton (2019),
 []


Underfull \hbox (badness 1939) in paragraph at lines 463--467
 \OT1/cmr/m/it/9 i-dences \OT1/cmr/m/n/9 (2019), URL []$\OT1/cmtt/m/n/9 https :
 / / arxiv . org / abs / 1904 .
 []

(./main.end)) [6]
<GW170729_comparison_intrinsic.pdf, id=327, 549.25201pt x 549.25201pt>
File: GW170729_comparison_intrinsic.pdf Graphic file (type pdf)
<use GW170729_comparison_intrinsic.pdf>
Package pdftex.def Info: GW170729_comparison_intrinsic.pdf  used on input line 
335.
(pdftex.def)             Requested size: 285.59875pt x 285.59593pt.
<GW170729_comparison_extrinsic.pdf, id=328, 397.485pt x 397.485pt>
File: GW170729_comparison_extrinsic.pdf Graphic file (type pdf)
<use GW170729_comparison_extrinsic.pdf>
Package pdftex.def Info: GW170729_comparison_extrinsic.pdf  used on input line 
336.
(pdftex.def)             Requested size: 206.54938pt x 206.55388pt.
<HM_pe_pp.pdf, id=332, 578.16pt x 578.16pt>
File: HM_pe_pp.pdf Graphic file (type pdf)
<use HM_pe_pp.pdf>
Package pdftex.def Info: HM_pe_pp.pdf  used on input line 351.
(pdftex.def)             Requested size: 246.0pt x 245.99263pt.
<GW150914_marg_intrinsic.pdf, id=335, 549.25201pt x 549.25201pt>
File: GW150914_marg_intrinsic.pdf Graphic file (type pdf)
<use GW150914_marg_intrinsic.pdf>
Package pdftex.def Info: GW150914_marg_intrinsic.pdf  used on input line 367.
(pdftex.def)             Requested size: 285.59875pt x 285.59593pt.
<GW150914_marg_extrinsic.pdf, id=336, 397.485pt x 397.485pt>
File: GW150914_marg_extrinsic.pdf Graphic file (type pdf)
<use GW150914_marg_extrinsic.pdf>
Package pdftex.def Info: GW150914_marg_extrinsic.pdf  used on input line 368.
(pdftex.def)             Requested size: 206.54938pt x 206.55388pt.
<GW151012_marg_intrinsic.pdf, id=337, 549.25201pt x 549.25201pt>
File: GW151012_marg_intrinsic.pdf Graphic file (type pdf)
<use GW151012_marg_intrinsic.pdf>
Package pdftex.def Info: GW151012_marg_intrinsic.pdf  used on input line 383.
(pdftex.def)             Requested size: 285.59875pt x 285.59593pt.
<GW151012_marg_extrinsic.pdf, id=338, 397.485pt x 397.485pt>
File: GW151012_marg_extrinsic.pdf Graphic file (type pdf)
<use GW151012_marg_extrinsic.pdf>
Package pdftex.def Info: GW151012_marg_extrinsic.pdf  used on input line 384.
(pdftex.def)             Requested size: 206.54938pt x 206.55388pt.
<GW151226_marg_intrinsic.pdf, id=339, 549.25201pt x 549.25201pt>
File: GW151226_marg_intrinsic.pdf Graphic file (type pdf)
<use GW151226_marg_intrinsic.pdf>
Package pdftex.def Info: GW151226_marg_intrinsic.pdf  used on input line 392.
(pdftex.def)             Requested size: 285.59875pt x 285.59593pt.
<GW151226_marg_extrinsic.pdf, id=340, 397.485pt x 397.485pt>
File: GW151226_marg_extrinsic.pdf Graphic file (type pdf)
<use GW151226_marg_extrinsic.pdf>
Package pdftex.def Info: GW151226_marg_extrinsic.pdf  used on input line 393.
(pdftex.def)             Requested size: 206.54938pt x 206.55388pt.
<GW170104_marg_intrinsic.pdf, id=341, 549.25201pt x 549.25201pt>
File: GW170104_marg_intrinsic.pdf Graphic file (type pdf)
<use GW170104_marg_intrinsic.pdf>
Package pdftex.def Info: GW170104_marg_intrinsic.pdf  used on input line 401.
(pdftex.def)             Requested size: 285.59875pt x 285.59593pt.
<GW170104_marg_extrinsic.pdf, id=342, 397.485pt x 397.485pt>
File: GW170104_marg_extrinsic.pdf Graphic file (type pdf)
<use GW170104_marg_extrinsic.pdf>
Package pdftex.def Info: GW170104_marg_extrinsic.pdf  used on input line 402.
(pdftex.def)             Requested size: 206.54938pt x 206.55388pt.
<GW170608_marg_intrinsic.pdf, id=343, 549.25201pt x 549.25201pt>
File: GW170608_marg_intrinsic.pdf Graphic file (type pdf)
<use GW170608_marg_intrinsic.pdf>
Package pdftex.def Info: GW170608_marg_intrinsic.pdf  used on input line 410.
(pdftex.def)             Requested size: 285.59875pt x 285.59593pt.
<GW170608_marg_extrinsic.pdf, id=344, 397.485pt x 397.485pt>
File: GW170608_marg_extrinsic.pdf Graphic file (type pdf)
<use GW170608_marg_extrinsic.pdf>
Package pdftex.def Info: GW170608_marg_extrinsic.pdf  used on input line 411.
(pdftex.def)             Requested size: 206.54938pt x 206.55388pt.
<GW170809_marg_intrinsic.pdf, id=345, 549.25201pt x 549.25201pt>
File: GW170809_marg_intrinsic.pdf Graphic file (type pdf)
<use GW170809_marg_intrinsic.pdf>
Package pdftex.def Info: GW170809_marg_intrinsic.pdf  used on input line 419.
(pdftex.def)             Requested size: 285.59875pt x 285.59593pt.
<GW170809_marg_extrinsic.pdf, id=346, 397.485pt x 397.485pt>
File: GW170809_marg_extrinsic.pdf Graphic file (type pdf)
<use GW170809_marg_extrinsic.pdf>
Package pdftex.def Info: GW170809_marg_extrinsic.pdf  used on input line 420.
(pdftex.def)             Requested size: 206.54938pt x 206.55388pt.
<GW170814_marg_intrinsic.pdf, id=347, 549.25201pt x 549.25201pt>
File: GW170814_marg_intrinsic.pdf Graphic file (type pdf)
<use GW170814_marg_intrinsic.pdf>
Package pdftex.def Info: GW170814_marg_intrinsic.pdf  used on input line 428.
(pdftex.def)             Requested size: 285.59875pt x 285.59593pt.
<GW170814_marg_extrinsic.pdf, id=348, 397.485pt x 397.485pt>
File: GW170814_marg_extrinsic.pdf Graphic file (type pdf)
<use GW170814_marg_extrinsic.pdf>
Package pdftex.def Info: GW170814_marg_extrinsic.pdf  used on input line 429.
(pdftex.def)             Requested size: 206.54938pt x 206.55388pt.
<GW170818_marg_intrinsic.pdf, id=349, 549.25201pt x 549.25201pt>
File: GW170818_marg_intrinsic.pdf Graphic file (type pdf)
<use GW170818_marg_intrinsic.pdf>
Package pdftex.def Info: GW170818_marg_intrinsic.pdf  used on input line 437.
(pdftex.def)             Requested size: 285.59875pt x 285.59593pt.
<GW170818_marg_extrinsic.pdf, id=350, 397.485pt x 397.485pt>
File: GW170818_marg_extrinsic.pdf Graphic file (type pdf)
<use GW170818_marg_extrinsic.pdf>
Package pdftex.def Info: GW170818_marg_extrinsic.pdf  used on input line 438.
(pdftex.def)             Requested size: 206.54938pt x 206.55388pt.
<GW170823_marg_intrinsic.pdf, id=351, 549.25201pt x 549.25201pt>
File: GW170823_marg_intrinsic.pdf Graphic file (type pdf)
<use GW170823_marg_intrinsic.pdf>
Package pdftex.def Info: GW170823_marg_intrinsic.pdf  used on input line 446.
(pdftex.def)             Requested size: 285.59875pt x 285.59593pt.
<GW170823_marg_extrinsic.pdf, id=352, 397.485pt x 397.485pt>
File: GW170823_marg_extrinsic.pdf Graphic file (type pdf)
<use GW170823_marg_extrinsic.pdf>
Package pdftex.def Info: GW170823_marg_extrinsic.pdf  used on input line 447.
(pdftex.def)             Requested size: 206.54938pt x 206.55388pt.
Package atveryend Info: Empty hook `BeforeClearDocument' on input line 459.
Package atveryend Info: Empty hook `AfterLastShipout' on input line 459.
 [7] [8 <./GW170729_comparison_intrinsic.pdf> <./GW170729_comparison_extrinsic.
pdf

pdfTeX warning: /usr/bin/pdflatex (file ./GW170729_comparison_extrinsic.pdf): P
DF inclusion: multiple pdfs with page group included in a single page
> <./HM_pe_pp.pdf

pdfTeX warning: /usr/bin/pdflatex (file ./HM_pe_pp.pdf): PDF inclusion: multipl
e pdfs with page group included in a single page
>] [9 <./GW150914_marg_intrinsic.pdf> <./GW150914_marg_extrinsic.pdf

pdfTeX warning: /usr/bin/pdflatex (file ./GW150914_marg_extrinsic.pdf): PDF inc
lusion: multiple pdfs with page group included in a single page
> <./GW151012_marg_intrinsic.pdf

pdfTeX warning: /usr/bin/pdflatex (file ./GW151012_marg_intrinsic.pdf): PDF inc
lusion: multiple pdfs with page group included in a single page
> <./GW151012_marg_extrinsic.pdf

pdfTeX warning: /usr/bin/pdflatex (file ./GW151012_marg_extrinsic.pdf): PDF inc
lusion: multiple pdfs with page group included in a single page
>] [10 <./GW151226_marg_intrinsic.pdf> <./GW151226_marg_extrinsic.pdf

pdfTeX warning: /usr/bin/pdflatex (file ./GW151226_marg_extrinsic.pdf): PDF inc
lusion: multiple pdfs with page group included in a single page
> <./GW170104_marg_intrinsic.pdf

pdfTeX warning: /usr/bin/pdflatex (file ./GW170104_marg_intrinsic.pdf): PDF inc
lusion: multiple pdfs with page group included in a single page
> <./GW170104_marg_extrinsic.pdf

pdfTeX warning: /usr/bin/pdflatex (file ./GW170104_marg_extrinsic.pdf): PDF inc
lusion: multiple pdfs with page group included in a single page
>] [11 <./GW170608_marg_intrinsic.pdf> <./GW170608_marg_extrinsic.pdf

pdfTeX warning: /usr/bin/pdflatex (file ./GW170608_marg_extrinsic.pdf): PDF inc
lusion: multiple pdfs with page group included in a single page
> <./GW170809_marg_intrinsic.pdf

pdfTeX warning: /usr/bin/pdflatex (file ./GW170809_marg_intrinsic.pdf): PDF inc
lusion: multiple pdfs with page group included in a single page
> <./GW170809_marg_extrinsic.pdf

pdfTeX warning: /usr/bin/pdflatex (file ./GW170809_marg_extrinsic.pdf): PDF inc
lusion: multiple pdfs with page group included in a single page
>] [12 <./GW170814_marg_intrinsic.pdf> <./GW170814_marg_extrinsic.pdf

pdfTeX warning: /usr/bin/pdflatex (file ./GW170814_marg_extrinsic.pdf): PDF inc
lusion: multiple pdfs with page group included in a single page
> <./GW170818_marg_intrinsic.pdf

pdfTeX warning: /usr/bin/pdflatex (file ./GW170818_marg_intrinsic.pdf): PDF inc
lusion: multiple pdfs with page group included in a single page
> <./GW170818_marg_extrinsic.pdf

pdfTeX warning: /usr/bin/pdflatex (file ./GW170818_marg_extrinsic.pdf): PDF inc
lusion: multiple pdfs with page group included in a single page
>] [13 <./GW170823_marg_intrinsic.pdf> <./GW170823_marg_extrinsic.pdf

pdfTeX warning: /usr/bin/pdflatex (file ./GW170823_marg_extrinsic.pdf): PDF inc
lusion: multiple pdfs with page group included in a single page
>] (./main.aux)
Package atveryend Info: Executing hook `AtVeryEndDocument' on input line 459.
Package atveryend Info: Executing hook `AtEndAfterFileList' on input line 459.
Package rerunfilecheck Info: File `main.out' has not changed.
(rerunfilecheck)             Checksum: BA6DC27F7C494B58BAC3414DCA77FAC6;383.
 ) 
Here is how much of TeX's memory you used:
 9213 strings out of 483183
 136547 string characters out of 5966293
 419936 words of memory out of 5000000
 23931 multiletter control sequences out of 15000+600000
 541404 words of font info for 59 fonts, out of 8000000 for 9000
 14 hyphenation exceptions out of 8191
 34i,11n,31p,788b,515s stack positions out of 5000i,500n,10000p,200000b,80000s
</usr/share/texlive/texmf-dist/fonts/type1/public/amsfonts/cm/cmbx12.pfb></us
r/share/texlive/texmf-dist/fonts/type1/public/amsfonts/cm/cmbx9.pfb></usr/share
/texlive/texmf-dist/fonts/type1/public/amsfonts/cm/cmcsc10.pfb></usr/share/texl
ive/texmf-dist/fonts/type1/public/amsfonts/cm/cmex10.pfb></usr/share/texlive/te
xmf-dist/fonts/type1/public/amsfonts/cm/cmmi10.pfb></usr/share/texlive/texmf-di
st/fonts/type1/public/amsfonts/cm/cmmi12.pfb></usr/share/texlive/texmf-dist/fon
ts/type1/public/amsfonts/cm/cmmi7.pfb></usr/share/texlive/texmf-dist/fonts/type
1/public/amsfonts/cm/cmmi9.pfb></usr/share/texlive/texmf-dist/fonts/type1/publi
c/amsfonts/cm/cmr10.pfb></usr/share/texlive/texmf-dist/fonts/type1/public/amsfo
nts/cm/cmr12.pfb></usr/share/texlive/texmf-dist/fonts/type1/public/amsfonts/cm/
cmr17.pfb></usr/share/texlive/texmf-dist/fonts/type1/public/amsfonts/cm/cmr6.pf
b></usr/share/texlive/texmf-dist/fonts/type1/public/amsfonts/cm/cmr7.pfb></usr/
share/texlive/texmf-dist/fonts/type1/public/amsfonts/cm/cmr8.pfb></usr/share/te
xlive/texmf-dist/fonts/type1/public/amsfonts/cm/cmr9.pfb></usr/share/texlive/te
xmf-dist/fonts/type1/public/amsfonts/cm/cmsy10.pfb></usr/share/texlive/texmf-di
st/fonts/type1/public/amsfonts/cm/cmsy6.pfb></usr/share/texlive/texmf-dist/font
s/type1/public/amsfonts/cm/cmsy7.pfb></usr/share/texlive/texmf-dist/fonts/type1
/public/amsfonts/cm/cmsy9.pfb></usr/share/texlive/texmf-dist/fonts/type1/public
/amsfonts/cm/cmti10.pfb></usr/share/texlive/texmf-dist/fonts/type1/public/amsfo
nts/cm/cmti7.pfb></usr/share/texlive/texmf-dist/fonts/type1/public/amsfonts/cm/
cmti9.pfb></usr/share/texlive/texmf-dist/fonts/type1/public/amsfonts/cm/cmtt9.p
fb></usr/share/texlive/texmf-dist/fonts/type1/public/amsfonts/symbols/msam10.pf
b>
Output written on main.pdf (13 pages, 1034343 bytes).
PDF statistics:
 767 PDF objects out of 1000 (max. 8388607)
 690 compressed objects within 7 object streams
 107 named destinations out of 1000 (max. 500000)
 190 words of extra memory for PDF output out of 10000 (max. 10000000)

